@--------------------------------------------------------------------------@
| TITLE                    | VERSION| OPERATING SYSTEM|  PRICE| test| test2|
|--------------------------+--------+-----------------+-------+-----+------|
| Slug Farm                |     2.0|     FreeBSD     |  49.99|  1  |   2  |
| Figs of Doom             |     1.7|      Linux      |   9.98|  1  |   2  |
| Smiley Goes to Happy Town|    11.0|     Windows     | 129.25|  1  |   2  |
| Wheelbarrow Motocross    |     1.0|       BeOS      |  34.97|  1  |   2  |
@--------------------------------------------------------------------------@
@--------------------@
| What is the answer?|
|--------------------|
|                  42|
|                  33|
@--------------------@
@-------------------------------------------@
| Tweedledum                |     Tweedledee|
|---------------------------+---------------|
| "Knock, knock."           | "Who's there?"|
| "Boo."                    |     "Boo who?"|
| "Don't cry, it's only me."|        (groan)|
@-------------------------------------------@
